<?xml version="1.0" encoding="utf-8" standalone="no"?>
<!--This file represents the results of running a test suite-->
<test-results name="C:\git\csharp4toasters\addressbook-web-tests\addressbook-web-tests\bin\Debug\addressbook-web-tests.dll" total="13" errors="0" failures="0" not-run="0" inconclusive="0" ignored="0" skipped="0" invalid="0" date="2020-11-11" time="00:17:35">
  <environment nunit-version="2.6.4.14350" clr-version="2.0.50727.9151" os-version="Microsoft Windows NT 6.2.9200.0" platform="Win32NT" cwd="D:\Program Files (x86)\NUnit-2.6.4\bin" machine-name="DESKTOP-MCVHNML" user="Me" user-domain="DESKTOP-MCVHNML" />
  <culture-info current-culture="en-US" current-uiculture="en-US" />
  <test-suite type="Assembly" name="C:\git\csharp4toasters\addressbook-web-tests\addressbook-web-tests\bin\Debug\addressbook-web-tests.dll" executed="True" result="Success" success="True" time="21.200" asserts="0">
    <results>
      <test-suite type="Namespace" name="WebAddressBookTests" executed="True" result="Success" success="True" time="21.193" asserts="0">
        <results>
          <test-suite type="TestFixture" name="AddingContactToGroupTests" executed="True" result="Success" success="True" time="8.238" asserts="0">
            <results>
              <test-case name="WebAddressBookTests.AddingContactToGroupTests.AddingContactToGroup" executed="True" result="Success" success="True" time="8.229" asserts="1" />
            </results>
          </test-suite>
          <test-suite type="TestFixture" name="ContactContentTests" executed="True" result="Success" success="True" time="0.941" asserts="0">
            <results>
              <test-case name="WebAddressBookTests.ContactContentTests.ContactMainPageContentTest" executed="True" result="Success" success="True" time="0.940" asserts="3" />
            </results>
          </test-suite>
          <test-suite type="TestFixture" name="ContactCreationTests" executed="True" result="Success" success="True" time="2.458" asserts="0">
            <results>
              <test-suite type="ParameterizedTest" name="ContactCreationTest" executed="True" result="Success" success="True" time="2.457" asserts="0">
                <results>
                  <test-case name="WebAddressBookTests.ContactCreationTests.ContactCreationTest(first name = ;XP&#xA;last name = IB)" executed="True" result="Success" success="True" time="1.229" asserts="2" />
                  <test-case name="WebAddressBookTests.ContactCreationTests.ContactCreationTest(first name = M2ALG,&#xA;last name = R.)" executed="True" result="Success" success="True" time="1.224" asserts="2" />
                </results>
              </test-suite>
            </results>
          </test-suite>
          <test-suite type="TestFixture" name="ContactModificationTests" executed="True" result="Success" success="True" time="1.731" asserts="0">
            <results>
              <test-case name="WebAddressBookTests.ContactModificationTests.ContactModificationTest" executed="True" result="Success" success="True" time="1.730" asserts="2" />
            </results>
          </test-suite>
          <test-suite type="TestFixture" name="ContactRemovalTests" executed="True" result="Success" success="True" time="2.244" asserts="0">
            <results>
              <test-case name="WebAddressBookTests.ContactRemovalTests.ContactRemovalTest" executed="True" result="Success" success="True" time="2.243" asserts="2" />
            </results>
          </test-suite>
          <test-suite type="TestFixture" name="GroupCreationTests" executed="True" result="Success" success="True" time="1.972" asserts="0">
            <results>
              <test-suite type="ParameterizedTest" name="GroupCreationTest" executed="True" result="Success" success="True" time="1.750" asserts="0">
                <results>
                  <test-case name="WebAddressBookTests.GroupCreationTests.GroupCreationTest(name = Y&#xA;header = F4&#xA;footer = 6)" executed="True" result="Success" success="True" time="0.875" asserts="3" />
                  <test-case name="WebAddressBookTests.GroupCreationTests.GroupCreationTest(name = 7W;&#xA;header = WVE2.&#xA;footer = [B))" executed="True" result="Success" success="True" time="0.871" asserts="3" />
                </results>
              </test-suite>
              <test-case name="WebAddressBookTests.GroupCreationTests.TestDBConnectivity" executed="True" result="Success" success="True" time="0.217" asserts="1" />
            </results>
          </test-suite>
          <test-suite type="TestFixture" name="GroupModificationTests" executed="True" result="Success" success="True" time="1.259" asserts="0">
            <results>
              <test-case name="WebAddressBookTests.GroupModificationTests.GroupModificationTest" executed="True" result="Success" success="True" time="1.258" asserts="4" />
            </results>
          </test-suite>
          <test-suite type="TestFixture" name="GroupRemovalTests" executed="True" result="Success" success="True" time="1.119" asserts="0">
            <results>
              <test-case name="WebAddressBookTests.GroupRemovalTests.GroupRemovalTest" executed="True" result="Success" success="True" time="1.119" asserts="10" />
            </results>
          </test-suite>
          <test-suite type="TestFixture" name="LoginTests" executed="True" result="Success" success="True" time="1.194" asserts="0">
            <results>
              <test-case name="WebAddressBookTests.LoginTests.LoginWithInvalidCredentialsTest" executed="True" result="Success" success="True" time="0.700" asserts="1" />
              <test-case name="WebAddressBookTests.LoginTests.LoginWithValidCredentialsTest" executed="True" result="Success" success="True" time="0.489" asserts="1" />
            </results>
          </test-suite>
        </results>
      </test-suite>
    </results>
  </test-suite>
</test-results>